TN:
SF:server.js
FN:49,(anonymous_0)
FN:57,(anonymous_1)
FN:67,(anonymous_2)
FN:99,(anonymous_3)
FN:132,(anonymous_4)
FN:162,(anonymous_5)
FN:196,(anonymous_6)
FN:232,(anonymous_7)
FN:268,(anonymous_8)
FN:282,(anonymous_9)
FN:290,(anonymous_10)
FN:292,(anonymous_11)
FN:298,(anonymous_12)
FN:300,(anonymous_13)
FNF:14
FNH:5
FNDA:8,(anonymous_0)
FNDA:3,(anonymous_1)
FNDA:4,(anonymous_2)
FNDA:0,(anonymous_3)
FNDA:0,(anonymous_4)
FNDA:0,(anonymous_5)
FNDA:0,(anonymous_6)
FNDA:4,(anonymous_7)
FNDA:1,(anonymous_8)
FNDA:0,(anonymous_9)
FNDA:0,(anonymous_10)
FNDA:0,(anonymous_11)
FNDA:0,(anonymous_12)
FNDA:0,(anonymous_13)
DA:1,1
DA:2,1
DA:3,1
DA:4,1
DA:5,1
DA:6,1
DA:7,1
DA:10,1
DA:12,1
DA:13,1
DA:14,1
DA:17,1
DA:20,1
DA:26,1
DA:37,1
DA:40,1
DA:41,0
DA:45,1
DA:46,1
DA:49,1
DA:50,8
DA:51,0
DA:53,8
DA:57,1
DA:58,3
DA:67,1
DA:68,4
DA:69,4
DA:70,0
DA:72,4
DA:74,4
DA:78,4
DA:79,0
DA:82,4
DA:84,0
DA:85,0
DA:88,0
DA:94,4
DA:99,1
DA:100,0
DA:101,0
DA:102,0
DA:106,0
DA:107,0
DA:108,0
DA:110,0
DA:117,0
DA:118,0
DA:121,0
DA:127,0
DA:132,1
DA:133,0
DA:134,0
DA:135,0
DA:137,0
DA:139,0
DA:147,0
DA:148,0
DA:151,0
DA:157,0
DA:162,1
DA:163,0
DA:164,0
DA:165,0
DA:167,0
DA:170,0
DA:171,0
DA:173,0
DA:181,0
DA:182,0
DA:185,0
DA:191,0
DA:196,1
DA:197,0
DA:198,0
DA:199,0
DA:201,0
DA:203,0
DA:204,0
DA:210,0
DA:217,0
DA:218,0
DA:221,0
DA:227,0
DA:232,1
DA:233,4
DA:234,0
DA:238,4
DA:239,4
DA:242,4
DA:243,0
DA:244,0
DA:251,4
DA:252,4
DA:253,4
DA:260,0
DA:268,1
DA:269,1
DA:270,0
DA:272,1
DA:281,1
DA:282,0
DA:283,0
DA:284,0
DA:285,0
DA:290,1
DA:291,0
DA:292,0
DA:293,0
DA:298,1
DA:299,0
DA:300,0
DA:301,0
DA:306,1
LF:114
LH:50
BRDA:13,0,0,1
BRDA:13,0,1,0
BRDA:14,1,0,1
BRDA:14,1,1,0
BRDA:21,2,0,1
BRDA:21,2,1,0
BRDA:40,3,0,0
BRDA:40,3,1,1
BRDA:50,4,0,0
BRDA:50,4,1,8
BRDA:62,5,0,3
BRDA:62,5,1,0
BRDA:69,6,0,0
BRDA:69,6,1,4
BRDA:78,7,0,0
BRDA:78,7,1,4
BRDA:84,8,0,0
BRDA:84,8,1,0
BRDA:101,9,0,0
BRDA:101,9,1,0
BRDA:117,10,0,0
BRDA:117,10,1,0
BRDA:134,11,0,0
BRDA:134,11,1,0
BRDA:137,12,0,0
BRDA:137,13,0,0
BRDA:137,14,0,0
BRDA:147,15,0,0
BRDA:147,15,1,0
BRDA:164,16,0,0
BRDA:164,16,1,0
BRDA:170,17,0,0
BRDA:170,17,1,0
BRDA:171,18,0,0
BRDA:171,18,1,0
BRDA:181,19,0,0
BRDA:181,19,1,0
BRDA:198,20,0,0
BRDA:198,20,1,0
BRDA:201,21,0,0
BRDA:203,22,0,0
BRDA:203,22,1,0
BRDA:217,23,0,0
BRDA:217,23,1,0
BRDA:218,24,0,0
BRDA:218,24,1,0
BRDA:233,25,0,0
BRDA:233,25,1,4
BRDA:242,26,0,0
BRDA:242,26,1,4
BRDA:242,27,0,4
BRDA:242,27,1,4
BRDA:251,28,0,4
BRDA:251,28,1,0
BRDA:251,29,0,4
BRDA:251,29,1,4
BRDA:252,30,0,4
BRDA:252,30,1,0
BRDA:263,31,0,0
BRDA:263,31,1,0
BRDA:269,32,0,0
BRDA:269,32,1,1
BRDA:281,33,0,0
BRDA:281,33,1,1
BRDA:285,34,0,0
BRDA:285,34,1,0
BRDA:291,35,0,0
BRDA:291,35,1,0
BRDA:299,36,0,0
BRDA:299,36,1,0
BRF:70
BRH:18
end_of_record
TN:
SF:controllers/apodController.js
FN:4,(anonymous_0)
FN:23,(anonymous_1)
FNF:2
FNH:2
FNDA:4,(anonymous_0)
FNDA:2,(anonymous_1)
DA:1,1
DA:2,1
DA:4,1
DA:5,4
DA:6,4
DA:8,4
DA:10,4
DA:12,2
DA:18,2
DA:19,2
DA:23,1
DA:24,2
DA:26,2
DA:27,2
DA:28,2
DA:30,2
DA:32,2
DA:34,2
DA:40,0
DA:41,0
DA:45,1
LF:21
LH:19
BRDA:8,0,0,4
BRDA:8,0,1,3
BRF:2
BRH:2
end_of_record
TN:
SF:controllers/marsController.js
FN:4,(anonymous_0)
FN:46,(anonymous_1)
FNF:2
FNH:1
FNDA:8,(anonymous_0)
FNDA:0,(anonymous_1)
DA:1,1
DA:2,1
DA:4,1
DA:5,8
DA:10,8
DA:13,8
DA:14,8
DA:17,8
DA:18,2
DA:24,6
DA:25,1
DA:31,5
DA:33,5
DA:35,4
DA:41,1
DA:42,1
DA:46,1
DA:47,0
DA:48,0
DA:51,0
DA:52,0
DA:53,0
DA:59,0
DA:61,0
DA:63,0
DA:69,0
DA:70,0
DA:74,1
LF:28
LH:18
BRDA:7,0,0,6
BRDA:8,1,0,4
BRDA:9,2,0,5
BRDA:17,3,0,2
BRDA:17,3,1,6
BRDA:17,4,0,8
BRDA:17,4,1,7
BRDA:24,5,0,1
BRDA:24,5,1,5
BRDA:24,6,0,6
BRDA:24,6,1,6
BRDA:52,7,0,0
BRDA:52,7,1,0
BRF:13
BRH:11
end_of_record
TN:
SF:controllers/neoController.js
FN:5,(anonymous_0)
FN:28,(anonymous_1)
FN:43,(anonymous_2)
FN:44,(anonymous_3)
FN:49,(anonymous_4)
FN:52,(anonymous_5)
FNF:6
FNH:0
FNDA:0,(anonymous_0)
FNDA:0,(anonymous_1)
FNDA:0,(anonymous_2)
FNDA:0,(anonymous_3)
FNDA:0,(anonymous_4)
FNDA:0,(anonymous_5)
DA:2,0
DA:3,0
DA:5,0
DA:6,0
DA:7,0
DA:10,0
DA:11,0
DA:13,0
DA:15,0
DA:17,0
DA:23,0
DA:24,0
DA:28,0
DA:29,0
DA:30,0
DA:32,0
DA:33,0
DA:35,0
DA:37,0
DA:40,0
DA:41,0
DA:43,0
DA:45,0
DA:47,0
DA:50,0
DA:53,0
DA:57,0
DA:63,0
DA:64,0
DA:68,0
LF:30
LH:0
BRDA:10,0,0,0
BRDA:10,0,1,0
BRDA:11,1,0,0
BRDA:11,1,1,0
BRDA:32,2,0,0
BRDA:32,2,1,0
BRDA:33,3,0,0
BRDA:33,3,1,0
BRDA:50,4,0,0
BRDA:50,4,1,0
BRDA:53,5,0,0
BRDA:53,5,1,0
BRF:12
BRH:0
end_of_record
TN:
SF:middleware/errorHandler.js
FN:3,(anonymous_0)
FNF:1
FNH:1
FNDA:6,(anonymous_0)
DA:1,3
DA:3,3
DA:4,6
DA:12,6
DA:13,6
DA:16,6
DA:17,2
DA:18,2
DA:25,4
DA:26,1
DA:27,1
DA:34,3
DA:41,3
LF:13
LH:13
BRDA:16,0,0,2
BRDA:16,0,1,4
BRDA:16,1,0,6
BRDA:16,1,1,3
BRDA:25,2,0,1
BRDA:25,2,1,3
BRDA:25,3,0,4
BRDA:25,3,1,1
BRDA:26,4,0,1
BRDA:26,4,1,0
BRDA:37,5,0,3
BRDA:37,5,1,0
BRF:12
BRH:10
end_of_record
TN:
SF:middleware/rateLimiter.js
FN:5,(anonymous_0)
FNF:1
FNH:0
FNDA:0,(anonymous_0)
DA:2,0
DA:5,0
DA:6,0
DA:19,0
DA:26,0
DA:32,0
LF:6
LH:0
BRF:0
BRH:0
end_of_record
TN:
SF:routes/apod.js
FNF:0
FNH:0
DA:1,1
DA:2,1
DA:4,1
DA:7,1
DA:10,1
DA:12,1
LF:6
LH:6
BRF:0
BRH:0
end_of_record
TN:
SF:routes/mars.js
FNF:0
FNH:0
DA:1,1
DA:2,1
DA:4,1
DA:7,1
DA:10,1
DA:12,1
LF:6
LH:6
BRF:0
BRH:0
end_of_record
TN:
SF:routes/neo.js
FNF:0
FNH:0
DA:2,0
DA:3,0
DA:5,0
DA:8,0
DA:11,0
DA:13,0
LF:6
LH:0
BRF:0
BRH:0
end_of_record
TN:
SF:services/nasaService.js
FN:5,(anonymous_0)
FN:10,(anonymous_1)
FN:23,(anonymous_2)
FN:42,(anonymous_3)
FN:58,(anonymous_4)
FNF:5
FNH:3
FNDA:1,(anonymous_0)
FNDA:3,(anonymous_1)
FNDA:1,(anonymous_2)
FNDA:0,(anonymous_3)
FNDA:0,(anonymous_4)
DA:1,1
DA:2,1
DA:6,1
DA:7,1
DA:11,3
DA:12,3
DA:13,3
DA:15,3
DA:16,2
DA:18,1
DA:19,1
DA:24,1
DA:25,1
DA:35,1
DA:37,0
DA:38,0
DA:43,0
DA:44,0
DA:51,0
DA:53,0
DA:54,0
DA:59,0
DA:60,0
DA:66,0
DA:68,0
DA:69,0
DA:74,1
LF:27
LH:15
BRDA:7,0,0,1
BRDA:7,0,1,0
BRDA:10,1,0,2
BRDA:13,2,0,1
BRDA:13,2,1,2
BRDA:23,3,0,0
BRDA:23,4,0,0
BRDA:23,5,0,0
BRDA:58,6,0,0
BRF:9
BRH:4
end_of_record
